<?xml version="1.0" encoding="UTF-8"?>
<testsuite xmlns:xsi="http://www.w3.org/2001/XMLSchema-instance" xsi:noNamespaceSchemaLocation="https://maven.apache.org/surefire/maven-surefire-plugin/xsd/surefire-test-report.xsd" name="com.btc.springcloud.AppTest" time="0.038" tests="1" errors="0" skipped="0" failures="0">
  <properties>
    <property name="sun.desktop" value="windows"/>
    <property name="awt.toolkit" value="sun.awt.windows.WToolkit"/>
    <property name="file.encoding.pkg" value="sun.io"/>
    <property name="java.specification.version" value="1.8"/>
    <property name="sun.cpu.isalist" value="amd64"/>
    <property name="sun.jnu.encoding" value="GBK"/>
    <property name="java.class.path" value="E:\project\github\mspringcloud\mspringcloud-api\target\test-classes;E:\project\github\mspringcloud\mspringcloud-api\target\classes;E:\repo\org\projectlombok\lombok\1.16.18\lombok-1.16.18.jar;E:\repo\org\springframework\cloud\spring-cloud-starter-feign\1.3.1.RELEASE\spring-cloud-starter-feign-1.3.1.RELEASE.jar;E:\repo\org\springframework\cloud\spring-cloud-starter\1.2.2.RELEASE\spring-cloud-starter-1.2.2.RELEASE.jar;E:\repo\org\springframework\boot\spring-boot-starter\1.5.9.RELEASE\spring-boot-starter-1.5.9.RELEASE.jar;E:\repo\org\springframework\boot\spring-boot-starter-logging\1.5.9.RELEASE\spring-boot-starter-logging-1.5.9.RELEASE.jar;E:\repo\ch\qos\logback\logback-classic\1.1.11\logback-classic-1.1.11.jar;E:\repo\ch\qos\logback\logback-core\1.2.3\logback-core-1.2.3.jar;E:\repo\org\slf4j\jcl-over-slf4j\1.7.25\jcl-over-slf4j-1.7.25.jar;E:\repo\org\slf4j\jul-to-slf4j\1.7.25\jul-to-slf4j-1.7.25.jar;E:\repo\org\slf4j\log4j-over-slf4j\1.7.25\log4j-over-slf4j-1.7.25.jar;E:\repo\org\yaml\snakeyaml\1.17\snakeyaml-1.17.jar;E:\repo\org\springframework\cloud\spring-cloud-context\1.2.2.RELEASE\spring-cloud-context-1.2.2.RELEASE.jar;E:\repo\org\springframework\security\spring-security-rsa\1.0.3.RELEASE\spring-security-rsa-1.0.3.RELEASE.jar;E:\repo\org\bouncycastle\bcpkix-jdk15on\1.55\bcpkix-jdk15on-1.55.jar;E:\repo\org\bouncycastle\bcprov-jdk15on\1.55\bcprov-jdk15on-1.55.jar;E:\repo\org\springframework\cloud\spring-cloud-netflix-core\1.3.1.RELEASE\spring-cloud-netflix-core-1.3.1.RELEASE.jar;E:\repo\org\springframework\boot\spring-boot\1.5.9.RELEASE\spring-boot-1.5.9.RELEASE.jar;E:\repo\org\springframework\boot\spring-boot-autoconfigure\1.5.9.RELEASE\spring-boot-autoconfigure-1.5.9.RELEASE.jar;E:\repo\org\springframework\spring-web\4.3.13.RELEASE\spring-web-4.3.13.RELEASE.jar;E:\repo\org\springframework\spring-aop\4.3.13.RELEASE\spring-aop-4.3.13.RELEASE.jar;E:\repo\org\springframework\spring-beans\4.3.13.RELEASE\spring-beans-4.3.13.RELEASE.jar;E:\repo\org\springframework\spring-context\4.3.13.RELEASE\spring-context-4.3.13.RELEASE.jar;E:\repo\org\springframework\spring-expression\4.3.13.RELEASE\spring-expression-4.3.13.RELEASE.jar;E:\repo\org\springframework\spring-core\4.3.13.RELEASE\spring-core-4.3.13.RELEASE.jar;E:\repo\commons-logging\commons-logging\1.2\commons-logging-1.2.jar;E:\repo\org\springframework\cloud\spring-cloud-commons\1.2.2.RELEASE\spring-cloud-commons-1.2.2.RELEASE.jar;E:\repo\org\springframework\security\spring-security-crypto\4.2.3.RELEASE\spring-security-crypto-4.2.3.RELEASE.jar;E:\repo\io\github\openfeign\feign-core\9.5.0\feign-core-9.5.0.jar;E:\repo\org\jvnet\animal-sniffer-annotation\1.0\animal-sniffer-annotation-1.0.jar;E:\repo\io\github\openfeign\feign-slf4j\9.5.0\feign-slf4j-9.5.0.jar;E:\repo\org\slf4j\slf4j-api\1.7.25\slf4j-api-1.7.25.jar;E:\repo\io\github\openfeign\feign-hystrix\9.5.0\feign-hystrix-9.5.0.jar;E:\repo\com\netflix\archaius\archaius-core\0.7.4\archaius-core-0.7.4.jar;E:\repo\com\google\code\findbugs\jsr305\3.0.1\jsr305-3.0.1.jar;E:\repo\com\netflix\hystrix\hystrix-core\1.5.12\hystrix-core-1.5.12.jar;E:\repo\org\hdrhistogram\HdrHistogram\2.1.9\HdrHistogram-2.1.9.jar;E:\repo\org\springframework\cloud\spring-cloud-starter-ribbon\1.3.1.RELEASE\spring-cloud-starter-ribbon-1.3.1.RELEASE.jar;E:\repo\com\netflix\ribbon\ribbon\2.2.2\ribbon-2.2.2.jar;E:\repo\com\netflix\ribbon\ribbon-transport\2.2.2\ribbon-transport-2.2.2.jar;E:\repo\io\reactivex\rxnetty-contexts\0.4.9\rxnetty-contexts-0.4.9.jar;E:\repo\io\reactivex\rxnetty-servo\0.4.9\rxnetty-servo-0.4.9.jar;E:\repo\javax\inject\javax.inject\1\javax.inject-1.jar;E:\repo\io\reactivex\rxnetty\0.4.9\rxnetty-0.4.9.jar;E:\repo\io\netty\netty-codec-http\4.0.27.Final\netty-codec-http-4.0.27.Final.jar;E:\repo\io\netty\netty-codec\4.0.27.Final\netty-codec-4.0.27.Final.jar;E:\repo\io\netty\netty-handler\4.0.27.Final\netty-handler-4.0.27.Final.jar;E:\repo\io\netty\netty-transport-native-epoll\4.0.27.Final\netty-transport-native-epoll-4.0.27.Final.jar;E:\repo\io\netty\netty-common\4.0.27.Final\netty-common-4.0.27.Final.jar;E:\repo\io\netty\netty-buffer\4.0.27.Final\netty-buffer-4.0.27.Final.jar;E:\repo\io\netty\netty-transport\4.0.27.Final\netty-transport-4.0.27.Final.jar;E:\repo\com\netflix\ribbon\ribbon-core\2.2.2\ribbon-core-2.2.2.jar;E:\repo\commons-lang\commons-lang\2.6\commons-lang-2.6.jar;E:\repo\com\netflix\ribbon\ribbon-httpclient\2.2.2\ribbon-httpclient-2.2.2.jar;E:\repo\commons-collections\commons-collections\3.2.2\commons-collections-3.2.2.jar;E:\repo\org\apache\httpcomponents\httpclient\4.5.3\httpclient-4.5.3.jar;E:\repo\org\apache\httpcomponents\httpcore\4.4.8\httpcore-4.4.8.jar;E:\repo\commons-codec\commons-codec\1.10\commons-codec-1.10.jar;E:\repo\com\sun\jersey\jersey-client\1.19.1\jersey-client-1.19.1.jar;E:\repo\com\sun\jersey\jersey-core\1.19.1\jersey-core-1.19.1.jar;E:\repo\javax\ws\rs\jsr311-api\1.1.1\jsr311-api-1.1.1.jar;E:\repo\com\sun\jersey\contribs\jersey-apache-client4\1.19.1\jersey-apache-client4-1.19.1.jar;E:\repo\com\netflix\servo\servo-core\0.10.1\servo-core-0.10.1.jar;E:\repo\com\netflix\servo\servo-internal\0.10.1\servo-internal-0.10.1.jar;E:\repo\com\netflix\netflix-commons\netflix-commons-util\0.1.1\netflix-commons-util-0.1.1.jar;E:\repo\com\netflix\ribbon\ribbon-loadbalancer\2.2.2\ribbon-loadbalancer-2.2.2.jar;E:\repo\com\netflix\netflix-commons\netflix-statistics\0.1.1\netflix-statistics-0.1.1.jar;E:\repo\io\reactivex\rxjava\1.1.10\rxjava-1.1.10.jar;E:\repo\org\springframework\cloud\spring-cloud-starter-archaius\1.3.1.RELEASE\spring-cloud-starter-archaius-1.3.1.RELEASE.jar;E:\repo\commons-configuration\commons-configuration\1.8\commons-configuration-1.8.jar;E:\repo\com\fasterxml\jackson\core\jackson-annotations\2.8.0\jackson-annotations-2.8.0.jar;E:\repo\com\fasterxml\jackson\core\jackson-core\2.8.10\jackson-core-2.8.10.jar;E:\repo\com\fasterxml\jackson\core\jackson-databind\2.8.10\jackson-databind-2.8.10.jar;E:\repo\com\google\guava\guava\18.0\guava-18.0.jar;E:\repo\junit\junit\4.11\junit-4.11.jar;E:\repo\org\hamcrest\hamcrest-core\1.3\hamcrest-core-1.3.jar;"/>
    <property name="java.vm.vendor" value="Oracle Corporation"/>
    <property name="sun.arch.data.model" value="64"/>
    <property name="user.variant" value=""/>
    <property name="java.vendor.url" value="http://java.oracle.com/"/>
    <property name="user.timezone" value=""/>
    <property name="java.vm.specification.version" value="1.8"/>
    <property name="os.name" value="Windows 10"/>
    <property name="user.country" value="CN"/>
    <property name="sun.java.launcher" value="SUN_STANDARD"/>
    <property name="sun.boot.library.path" value="E:\develop\java\jdk1.8.0_121\jre\bin"/>
    <property name="sun.java.command" value="C:\Users\m林\AppData\Local\Temp\surefire3040910150094804892\surefirebooter7226403228536947437.jar C:\Users\m林\AppData\Local\Temp\surefire3040910150094804892 2018-12-05T23-13-55_415-jvmRun1 surefire8654699663957145850tmp surefire_02615171406107367723tmp"/>
    <property name="surefire.test.class.path" value="E:\project\github\mspringcloud\mspringcloud-api\target\test-classes;E:\project\github\mspringcloud\mspringcloud-api\target\classes;E:\repo\org\projectlombok\lombok\1.16.18\lombok-1.16.18.jar;E:\repo\org\springframework\cloud\spring-cloud-starter-feign\1.3.1.RELEASE\spring-cloud-starter-feign-1.3.1.RELEASE.jar;E:\repo\org\springframework\cloud\spring-cloud-starter\1.2.2.RELEASE\spring-cloud-starter-1.2.2.RELEASE.jar;E:\repo\org\springframework\boot\spring-boot-starter\1.5.9.RELEASE\spring-boot-starter-1.5.9.RELEASE.jar;E:\repo\org\springframework\boot\spring-boot-starter-logging\1.5.9.RELEASE\spring-boot-starter-logging-1.5.9.RELEASE.jar;E:\repo\ch\qos\logback\logback-classic\1.1.11\logback-classic-1.1.11.jar;E:\repo\ch\qos\logback\logback-core\1.2.3\logback-core-1.2.3.jar;E:\repo\org\slf4j\jcl-over-slf4j\1.7.25\jcl-over-slf4j-1.7.25.jar;E:\repo\org\slf4j\jul-to-slf4j\1.7.25\jul-to-slf4j-1.7.25.jar;E:\repo\org\slf4j\log4j-over-slf4j\1.7.25\log4j-over-slf4j-1.7.25.jar;E:\repo\org\yaml\snakeyaml\1.17\snakeyaml-1.17.jar;E:\repo\org\springframework\cloud\spring-cloud-context\1.2.2.RELEASE\spring-cloud-context-1.2.2.RELEASE.jar;E:\repo\org\springframework\security\spring-security-rsa\1.0.3.RELEASE\spring-security-rsa-1.0.3.RELEASE.jar;E:\repo\org\bouncycastle\bcpkix-jdk15on\1.55\bcpkix-jdk15on-1.55.jar;E:\repo\org\bouncycastle\bcprov-jdk15on\1.55\bcprov-jdk15on-1.55.jar;E:\repo\org\springframework\cloud\spring-cloud-netflix-core\1.3.1.RELEASE\spring-cloud-netflix-core-1.3.1.RELEASE.jar;E:\repo\org\springframework\boot\spring-boot\1.5.9.RELEASE\spring-boot-1.5.9.RELEASE.jar;E:\repo\org\springframework\boot\spring-boot-autoconfigure\1.5.9.RELEASE\spring-boot-autoconfigure-1.5.9.RELEASE.jar;E:\repo\org\springframework\spring-web\4.3.13.RELEASE\spring-web-4.3.13.RELEASE.jar;E:\repo\org\springframework\spring-aop\4.3.13.RELEASE\spring-aop-4.3.13.RELEASE.jar;E:\repo\org\springframework\spring-beans\4.3.13.RELEASE\spring-beans-4.3.13.RELEASE.jar;E:\repo\org\springframework\spring-context\4.3.13.RELEASE\spring-context-4.3.13.RELEASE.jar;E:\repo\org\springframework\spring-expression\4.3.13.RELEASE\spring-expression-4.3.13.RELEASE.jar;E:\repo\org\springframework\spring-core\4.3.13.RELEASE\spring-core-4.3.13.RELEASE.jar;E:\repo\commons-logging\commons-logging\1.2\commons-logging-1.2.jar;E:\repo\org\springframework\cloud\spring-cloud-commons\1.2.2.RELEASE\spring-cloud-commons-1.2.2.RELEASE.jar;E:\repo\org\springframework\security\spring-security-crypto\4.2.3.RELEASE\spring-security-crypto-4.2.3.RELEASE.jar;E:\repo\io\github\openfeign\feign-core\9.5.0\feign-core-9.5.0.jar;E:\repo\org\jvnet\animal-sniffer-annotation\1.0\animal-sniffer-annotation-1.0.jar;E:\repo\io\github\openfeign\feign-slf4j\9.5.0\feign-slf4j-9.5.0.jar;E:\repo\org\slf4j\slf4j-api\1.7.25\slf4j-api-1.7.25.jar;E:\repo\io\github\openfeign\feign-hystrix\9.5.0\feign-hystrix-9.5.0.jar;E:\repo\com\netflix\archaius\archaius-core\0.7.4\archaius-core-0.7.4.jar;E:\repo\com\google\code\findbugs\jsr305\3.0.1\jsr305-3.0.1.jar;E:\repo\com\netflix\hystrix\hystrix-core\1.5.12\hystrix-core-1.5.12.jar;E:\repo\org\hdrhistogram\HdrHistogram\2.1.9\HdrHistogram-2.1.9.jar;E:\repo\org\springframework\cloud\spring-cloud-starter-ribbon\1.3.1.RELEASE\spring-cloud-starter-ribbon-1.3.1.RELEASE.jar;E:\repo\com\netflix\ribbon\ribbon\2.2.2\ribbon-2.2.2.jar;E:\repo\com\netflix\ribbon\ribbon-transport\2.2.2\ribbon-transport-2.2.2.jar;E:\repo\io\reactivex\rxnetty-contexts\0.4.9\rxnetty-contexts-0.4.9.jar;E:\repo\io\reactivex\rxnetty-servo\0.4.9\rxnetty-servo-0.4.9.jar;E:\repo\javax\inject\javax.inject\1\javax.inject-1.jar;E:\repo\io\reactivex\rxnetty\0.4.9\rxnetty-0.4.9.jar;E:\repo\io\netty\netty-codec-http\4.0.27.Final\netty-codec-http-4.0.27.Final.jar;E:\repo\io\netty\netty-codec\4.0.27.Final\netty-codec-4.0.27.Final.jar;E:\repo\io\netty\netty-handler\4.0.27.Final\netty-handler-4.0.27.Final.jar;E:\repo\io\netty\netty-transport-native-epoll\4.0.27.Final\netty-transport-native-epoll-4.0.27.Final.jar;E:\repo\io\netty\netty-common\4.0.27.Final\netty-common-4.0.27.Final.jar;E:\repo\io\netty\netty-buffer\4.0.27.Final\netty-buffer-4.0.27.Final.jar;E:\repo\io\netty\netty-transport\4.0.27.Final\netty-transport-4.0.27.Final.jar;E:\repo\com\netflix\ribbon\ribbon-core\2.2.2\ribbon-core-2.2.2.jar;E:\repo\commons-lang\commons-lang\2.6\commons-lang-2.6.jar;E:\repo\com\netflix\ribbon\ribbon-httpclient\2.2.2\ribbon-httpclient-2.2.2.jar;E:\repo\commons-collections\commons-collections\3.2.2\commons-collections-3.2.2.jar;E:\repo\org\apache\httpcomponents\httpclient\4.5.3\httpclient-4.5.3.jar;E:\repo\org\apache\httpcomponents\httpcore\4.4.8\httpcore-4.4.8.jar;E:\repo\commons-codec\commons-codec\1.10\commons-codec-1.10.jar;E:\repo\com\sun\jersey\jersey-client\1.19.1\jersey-client-1.19.1.jar;E:\repo\com\sun\jersey\jersey-core\1.19.1\jersey-core-1.19.1.jar;E:\repo\javax\ws\rs\jsr311-api\1.1.1\jsr311-api-1.1.1.jar;E:\repo\com\sun\jersey\contribs\jersey-apache-client4\1.19.1\jersey-apache-client4-1.19.1.jar;E:\repo\com\netflix\servo\servo-core\0.10.1\servo-core-0.10.1.jar;E:\repo\com\netflix\servo\servo-internal\0.10.1\servo-internal-0.10.1.jar;E:\repo\com\netflix\netflix-commons\netflix-commons-util\0.1.1\netflix-commons-util-0.1.1.jar;E:\repo\com\netflix\ribbon\ribbon-loadbalancer\2.2.2\ribbon-loadbalancer-2.2.2.jar;E:\repo\com\netflix\netflix-commons\netflix-statistics\0.1.1\netflix-statistics-0.1.1.jar;E:\repo\io\reactivex\rxjava\1.1.10\rxjava-1.1.10.jar;E:\repo\org\springframework\cloud\spring-cloud-starter-archaius\1.3.1.RELEASE\spring-cloud-starter-archaius-1.3.1.RELEASE.jar;E:\repo\commons-configuration\commons-configuration\1.8\commons-configuration-1.8.jar;E:\repo\com\fasterxml\jackson\core\jackson-annotations\2.8.0\jackson-annotations-2.8.0.jar;E:\repo\com\fasterxml\jackson\core\jackson-core\2.8.10\jackson-core-2.8.10.jar;E:\repo\com\fasterxml\jackson\core\jackson-databind\2.8.10\jackson-databind-2.8.10.jar;E:\repo\com\google\guava\guava\18.0\guava-18.0.jar;E:\repo\junit\junit\4.11\junit-4.11.jar;E:\repo\org\hamcrest\hamcrest-core\1.3\hamcrest-core-1.3.jar;"/>
    <property name="sun.cpu.endian" value="little"/>
    <property name="user.home" value="C:\Users\m林"/>
    <property name="user.language" value="zh"/>
    <property name="java.specification.vendor" value="Oracle Corporation"/>
    <property name="java.home" value="E:\develop\java\jdk1.8.0_121\jre"/>
    <property name="basedir" value="E:\project\github\mspringcloud\mspringcloud-api"/>
    <property name="file.separator" value="\"/>
    <property name="line.separator" value="&#10;"/>
    <property name="java.vm.specification.vendor" value="Oracle Corporation"/>
    <property name="java.specification.name" value="Java Platform API Specification"/>
    <property name="java.awt.graphicsenv" value="sun.awt.Win32GraphicsEnvironment"/>
    <property name="surefire.real.class.path" value="C:\Users\m林\AppData\Local\Temp\surefire3040910150094804892\surefirebooter7226403228536947437.jar"/>
    <property name="sun.boot.class.path" value="E:\develop\java\jdk1.8.0_121\jre\lib\resources.jar;E:\develop\java\jdk1.8.0_121\jre\lib\rt.jar;E:\develop\java\jdk1.8.0_121\jre\lib\sunrsasign.jar;E:\develop\java\jdk1.8.0_121\jre\lib\jsse.jar;E:\develop\java\jdk1.8.0_121\jre\lib\jce.jar;E:\develop\java\jdk1.8.0_121\jre\lib\charsets.jar;E:\develop\java\jdk1.8.0_121\jre\lib\jfr.jar;E:\develop\java\jdk1.8.0_121\jre\classes"/>
    <property name="user.script" value=""/>
    <property name="sun.management.compiler" value="HotSpot 64-Bit Tiered Compilers"/>
    <property name="java.runtime.version" value="1.8.0_172-b11"/>
    <property name="user.name" value="m林"/>
    <property name="path.separator" value=";"/>
    <property name="os.version" value="10.0"/>
    <property name="java.endorsed.dirs" value="E:\develop\java\jdk1.8.0_121\jre\lib\endorsed"/>
    <property name="java.runtime.name" value="Java(TM) SE Runtime Environment"/>
    <property name="file.encoding" value="GBK"/>
    <property name="java.vm.name" value="Java HotSpot(TM) 64-Bit Server VM"/>
    <property name="localRepository" value="E:\repo"/>
    <property name="java.vendor.url.bug" value="http://bugreport.sun.com/bugreport/"/>
    <property name="java.io.tmpdir" value="C:\Users\m林\AppData\Local\Temp\"/>
    <property name="idea.version" value="2018.2.5"/>
    <property name="java.version" value="1.8.0_172"/>
    <property name="user.dir" value="E:\project\github\mspringcloud\mspringcloud-api"/>
    <property name="os.arch" value="amd64"/>
    <property name="java.vm.specification.name" value="Java Virtual Machine Specification"/>
    <property name="java.awt.printerjob" value="sun.awt.windows.WPrinterJob"/>
    <property name="sun.os.patch.level" value=""/>
    <property name="java.library.path" value="E:\develop\java\jdk1.8.0_121\jre\bin;C:\Windows\Sun\Java\bin;C:\Windows\system32;C:\Windows;C:\Program Files (x86)\Intel\Intel(R) Management Engine Components\iCLS\;C:\Program Files\Intel\Intel(R) Management Engine Components\iCLS\;C:\Windows\system32;C:\Windows;C:\Windows\System32\Wbem;C:\Windows\System32\WindowsPowerShell\v1.0\;C:\Windows\System32\OpenSSH\;C:\Program Files (x86)\Intel\Intel(R) Management Engine Components\DAL;C:\Program Files\Intel\Intel(R) Management Engine Components\DAL;C:\Program Files (x86)\Intel\Intel(R) Management Engine Components\IPT;C:\Program Files\Intel\Intel(R) Management Engine Components\IPT;C:\Program Files (x86)\NVIDIA Corporation\PhysX\Common;C:\Program Files\Intel\WiFi\bin\;C:\Program Files\Common Files\Intel\WirelessCommon\;E:\develop\java\jdk1.8.0_121\bin;E:\develop\apache-maven-3.6.0\bin;E:\Program Files\Git\cmd;E:\Program Files\TortoiseSVN\bin;C:\Users\m林\AppData\Local\Microsoft\WindowsApps;;."/>
    <property name="java.vm.info" value="mixed mode"/>
    <property name="java.vendor" value="Oracle Corporation"/>
    <property name="java.vm.version" value="25.172-b11"/>
    <property name="java.ext.dirs" value="E:\develop\java\jdk1.8.0_121\jre\lib\ext;C:\Windows\Sun\Java\lib\ext"/>
    <property name="sun.io.unicode.encoding" value="UnicodeLittle"/>
    <property name="java.class.version" value="52.0"/>
  </properties>
  <testcase name="shouldAnswerWithTrue" classname="com.btc.springcloud.AppTest" time="0.002"/>
</testsuite>